#
# There is insufficient memory for the Java Runtime Environment to continue.
# Native memory allocation (mmap) failed to map 264241152 bytes for G1 virtual space
# Possible reasons:
#   The system is out of physical RAM or swap space
#   The process is running with CompressedOops enabled, and the Java Heap may be blocking the growth of the native heap
# Possible solutions:
#   Reduce memory load on the system
#   Increase physical memory or swap space
#   Check if swap backing store is full
#   Decrease Java heap size (-Xmx/-Xms)
#   Decrease number of Java threads
#   Decrease Java thread stack sizes (-Xss)
#   Set larger code cache with -XX:ReservedCodeCacheSize=
#   JVM is running with Zero Based Compressed Oops mode in which the Java heap is
#     placed in the first 32GB address space. The Java Heap base address is the
#     maximum limit for the native heap growth. Please use -XX:HeapBaseMinAddress
#     to set the Java Heap base and to place the Java Heap above 32GB virtual address.
# This output file may be truncated or incomplete.
#
#  Out of Memory Error (os_windows.cpp:3771), pid=8292, tid=32308
#
# JRE version:  (17.0.7+7) (build )
# Java VM: OpenJDK 64-Bit Server VM (17.0.7+7-b1000.6, mixed mode, sharing, tiered, compressed oops, compressed class ptrs, g1 gc, windows-amd64)
# No core dump will be written. Minidumps are not enabled by default on client versions of Windows
#

---------------  S U M M A R Y ------------

Command Line: git4idea.http.GitAskPassApp Username for 'https://github.com': 

Host: 12th Gen Intel(R) Core(TM) i7-1260P, 16 cores, 15G,  Windows 10 , 64 bit Build 19041 (10.0.19041.3636)
Time: Thu Jan 25 22:48:14 2024 GTB Standard Time elapsed time: 0.032420 seconds (0d 0h 0m 0s)

---------------  T H R E A D  ---------------

Current thread (0x00000204ba635190):  JavaThread "Unknown thread" [_thread_in_vm, id=32308, stack(0x000000d5cc500000,0x000000d5cc600000)]

Stack: [0x000000d5cc500000,0x000000d5cc600000]
Native frames: (J=compiled Java code, j=interpreted, Vv=VM code, C=native code)
V  [jvm.dll+0x683bfa]
V  [jvm.dll+0x8430a4]
V  [jvm.dll+0x8449be]
V  [jvm.dll+0x845023]
V  [jvm.dll+0x24ad2f]
V  [jvm.dll+0x680ac9]
V  [jvm.dll+0x67519a]
V  [jvm.dll+0x30b3cb]
V  [jvm.dll+0x312876]
V  [jvm.dll+0x36221e]
V  [jvm.dll+0x36244f]
V  [jvm.dll+0x2e14a8]
V  [jvm.dll+0x2e2414]
V  [jvm.dll+0x814391]
V  [jvm.dll+0x36ffe1]
V  [jvm.dll+0x7f396c]
V  [jvm.dll+0x3f305f]
V  [jvm.dll+0x3f4b91]
C  [jli.dll+0x528f]
C  [ucrtbase.dll+0x21bb2]
C  [KERNEL32.DLL+0x17344]
C  [ntdll.dll+0x526b1]


---------------  P R O C E S S  ---------------

Threads class SMR info:
_java_thread_list=0x00007ff81a5cd098, length=0, elements={
}

Java Threads: ( => current thread )

Other Threads:
  0x00000204ba67c1d0 GCTaskThread "GC Thread#0" [stack: 0x000000d5cc600000,0x000000d5cc700000] [id=35060]
  0x00000204ba67cdb0 ConcurrentGCThread "G1 Main Marker" [stack: 0x000000d5cc700000,0x000000d5cc800000] [id=45936]
  0x00000204d6c15350 ConcurrentGCThread "G1 Conc#0" [stack: 0x000000d5cc800000,0x000000d5cc900000] [id=12048]

[error occurred during error reporting (printing all threads), id 0xc0000005, EXCEPTION_ACCESS_VIOLATION (0xc0000005) at pc=0x00007ff819d82087]

VM state: not at safepoint (not fully initialized)

VM Mutex/Monitor currently owned by a thread:  ([mutex/lock_event])
[0x00000204ba62f3b0] Heap_lock - owner thread: 0x00000204ba635190

Heap address: 0x0000000704a00000, size: 4022 MB, Compressed Oops mode: Zero based, Oop shift amount: 3

CDS archive(s) mapped at: [0x0000000000000000-0x0000000000000000-0x0000000000000000), size 0, SharedBaseAddress: 0x0000000800000000, ArchiveRelocationMode: 0.
Narrow klass base: 0x0000000000000000, Narrow klass shift: 0, Narrow klass range: 0x0

GC Precious Log:
<Empty>

Heap:
 garbage-first heap   total 0K, used 0K [0x0000000704a00000, 0x0000000800000000)
  region size 2048K, 0 young (0K), 0 survivors (0K)
 Metaspace       used 0K, committed 0K, reserved 0K
  class space    used 0K, committed 0K, reserved 0K

Heap Regions: E=young(eden), S=young(survivor), O=old, HS=humongous(starts), HC=humongous(continues), CS=collection set, F=free, OA=open archive, CA=closed archive, TAMS=top-at-mark-start (previous, next)

Card table byte_map: [0x00000204cdd90000,0x00000204ce570000] _byte_map_base: 0x00000204ca56b000

Marking Bits (Prev, Next): (CMBitMap*) 0x00000204ba67c6f0, (CMBitMap*) 0x00000204ba67c730
 Prev Bits: [0x00000204ced50000, 0x00000204d2c28000)
 Next Bits: [0x00000204d2c30000, 0x00000204d6b08000)

GC Heap History (0 events):
No events

Dll operation events (1 events):
Event: 0.023 Loaded shared library C:\Program Files\intelij\jbr\bin\java.dll

Deoptimization events (0 events):
No events

Classes unloaded (0 events):
No events

Classes redefined (0 events):
No events

Internal exceptions (0 events):
No events

VM Operations (0 events):
No events

Events (0 events):
No events


Dynamic libraries:
0x00007ff62b5e0000 - 0x00007ff62b5ea000 	C:\Program Files\intelij\jbr\bin\java.exe
0x00007ff89c170000 - 0x00007ff89c368000 	C:\Windows\SYSTEM32\ntdll.dll
0x00007ff89b420000 - 0x00007ff89b4dd000 	C:\Windows\System32\KERNEL32.DLL
0x00007ff899e60000 - 0x00007ff89a156000 	C:\Windows\System32\KERNELBASE.dll
0x00007ff899d60000 - 0x00007ff899e60000 	C:\Windows\System32\ucrtbase.dll
0x00007ff882e50000 - 0x00007ff882e6b000 	C:\Program Files\intelij\jbr\bin\VCRUNTIME140.dll
0x00007ff87ad80000 - 0x00007ff87ad97000 	C:\Program Files\intelij\jbr\bin\jli.dll
0x00007ff89b7b0000 - 0x00007ff89b94e000 	C:\Windows\System32\USER32.dll
0x00007ff899b30000 - 0x00007ff899b52000 	C:\Windows\System32\win32u.dll
0x00007ff89ac60000 - 0x00007ff89ac8c000 	C:\Windows\System32\GDI32.dll
0x00007ff87c280000 - 0x00007ff87c51a000 	C:\Windows\WinSxS\amd64_microsoft.windows.common-controls_6595b64144ccf1df_6.0.19041.3636_none_60b6a03d71f818d5\COMCTL32.dll
0x00007ff899c10000 - 0x00007ff899d2a000 	C:\Windows\System32\gdi32full.dll
0x00007ff89b020000 - 0x00007ff89b0be000 	C:\Windows\System32\msvcrt.dll
0x00007ff899a40000 - 0x00007ff899add000 	C:\Windows\System32\msvcp_win.dll
0x00007ff89aff0000 - 0x00007ff89b020000 	C:\Windows\System32\IMM32.DLL
0x00007ff87f810000 - 0x00007ff87fa12000 	C:\Windows\system32\tmumh\20019\AddOn\8.55.0.1288\TmUmEvt64.dll
0x00007ff89b710000 - 0x00007ff89b718000 	C:\Windows\System32\PSAPI.DLL
0x00007ff89ad40000 - 0x00007ff89adef000 	C:\Windows\System32\ADVAPI32.dll
0x00007ff89a1d0000 - 0x00007ff89a26c000 	C:\Windows\System32\sechost.dll
0x00007ff89adf0000 - 0x00007ff89af16000 	C:\Windows\System32\RPCRT4.dll
0x000000006e1b0000 - 0x000000006e323000 	C:\Windows\system32\tmumh\20019\TmMon\2.9.0.1048\tmmon64.dll
0x00007ff874a20000 - 0x00007ff874d5d000 	C:\Windows\System32\TmLWE\TmUmSnsr64\1.0.0.1125\TmUmSnsr64.dll
0x00007ff8973c0000 - 0x00007ff8973d2000 	C:\Windows\SYSTEM32\kernel.appcore.dll
0x00007ff882dd0000 - 0x00007ff882ddc000 	C:\Program Files\intelij\jbr\bin\vcruntime140_1.dll
0x00007ff882d40000 - 0x00007ff882dcd000 	C:\Program Files\intelij\jbr\bin\msvcp140.dll
0x00007ff819a90000 - 0x00007ff81a710000 	C:\Program Files\intelij\jbr\bin\server\jvm.dll
0x00007ff86b960000 - 0x00007ff86b969000 	C:\Windows\SYSTEM32\WSOCK32.dll
0x00007ff89b950000 - 0x00007ff89b9bb000 	C:\Windows\System32\WS2_32.dll
0x00007ff88d5a0000 - 0x00007ff88d5c7000 	C:\Windows\SYSTEM32\WINMM.dll
0x00007ff87fb90000 - 0x00007ff87fb9a000 	C:\Windows\SYSTEM32\VERSION.dll
0x00007ff894c90000 - 0x00007ff894c9a000 	C:\Program Files\intelij\jbr\bin\jimage.dll
0x00007ff896a70000 - 0x00007ff896c54000 	C:\Windows\SYSTEM32\DBGHELP.DLL
0x00007ff887d40000 - 0x00007ff887d74000 	C:\Windows\SYSTEM32\dbgcore.DLL
0x00007ff899850000 - 0x00007ff8998d2000 	C:\Windows\System32\bcryptPrimitives.dll
0x00007ff8915f0000 - 0x00007ff891615000 	C:\Program Files\intelij\jbr\bin\java.dll

dbghelp: loaded successfully - version: 4.0.5 - missing functions: none
symbol engine: initialized successfully - sym options: 0x614 - pdb path: .;C:\Program Files\intelij\jbr\bin;C:\Windows\SYSTEM32;C:\Windows\WinSxS\amd64_microsoft.windows.common-controls_6595b64144ccf1df_6.0.19041.3636_none_60b6a03d71f818d5;C:\Windows\system32\tmumh\20019\AddOn\8.55.0.1288;C:\Windows\system32\tmumh\20019\TmMon\2.9.0.1048;C:\Windows\System32\TmLWE\TmUmSnsr64\1.0.0.1125;C:\Program Files\intelij\jbr\bin\server

VM Arguments:
java_command: git4idea.http.GitAskPassApp Username for 'https://github.com': 
java_class_path (initial): C:/Program Files/intelij/plugins/vcs-git/lib/git4idea-rt.jar;C:/Program Files/intelij/lib/externalProcess-rt.jar
Launcher Type: SUN_STANDARD

[Global flags]
     intx CICompilerCount                          = 12                                        {product} {ergonomic}
     uint ConcGCThreads                            = 3                                         {product} {ergonomic}
     uint G1ConcRefinementThreads                  = 13                                        {product} {ergonomic}
   size_t G1HeapRegionSize                         = 2097152                                   {product} {ergonomic}
    uintx GCDrainStackTargetSize                   = 64                                        {product} {ergonomic}
   size_t InitialHeapSize                          = 264241152                                 {product} {ergonomic}
   size_t MarkStackSize                            = 4194304                                   {product} {ergonomic}
   size_t MaxHeapSize                              = 4217372672                                {product} {ergonomic}
   size_t MinHeapDeltaBytes                        = 2097152                                   {product} {ergonomic}
   size_t MinHeapSize                              = 8388608                                   {product} {ergonomic}
    uintx NonNMethodCodeHeapSize                   = 7602480                                {pd product} {ergonomic}
    uintx NonProfiledCodeHeapSize                  = 122027880                              {pd product} {ergonomic}
    uintx ProfiledCodeHeapSize                     = 122027880                              {pd product} {ergonomic}
    uintx ReservedCodeCacheSize                    = 251658240                              {pd product} {ergonomic}
     bool SegmentedCodeCache                       = true                                      {product} {ergonomic}
   size_t SoftMaxHeapSize                          = 4217372672                             {manageable} {ergonomic}
     bool UseCompressedClassPointers               = true                           {product lp64_product} {ergonomic}
     bool UseCompressedOops                        = true                           {product lp64_product} {ergonomic}
     bool UseG1GC                                  = true                                      {product} {ergonomic}
     bool UseLargePagesIndividualAllocation        = false                                  {pd product} {ergonomic}

Logging:
Log output configuration:
 #0: stdout all=warning uptime,level,tags
 #1: stderr all=off uptime,level,tags

Environment Variables:
JAVA_HOME=C:\Program Files\Java\jdk-17.0.2
PATH=C:/Program Files/Git/mingw64/libexec/git-core;C:/Program Files/Git/mingw64/libexec/git-core;C:\Program Files\Git\mingw64\bin;C:\Program Files\Git\usr\bin;C:\Users\adriant\bin;C:\Python312\Scripts\;C:\Python312\;C:\Windows\system32;C:\Windows;C:\Windows\System32\Wbem;C:\Windows\System32\WindowsPowerShell\v1.0\;C:\Windows\System32\OpenSSH\;C:\Program Files\WindowsPowerShell\Scripts;C:\Program Files\Git\cmd;C:\Program Files\Microsoft SQL Server\150\Tools\Binn\;C:\Program Files\Microsoft SQL Server\Client SDK\ODBC\170\Tools\Binn\;C:\Program Files\dotnet\;C:\Program Files (x86)\Microsoft SQL Server\160\Tools\Binn\;C:\Program Files\Microsoft SQL Server\160\Tools\Binn\;C:\Program Files\Microsoft SQL Server\160\DTS\Binn\;C:\Program Files (x86)\Microsoft SQL Server\160\DTS\Binn\;C:\Program Files\Azure Data Studio\bin;C:\Program Files\apache-maven-3.9.5\bin;C:\Program Files\nodejs\;C:\ProgramData\chocolatey\bin;C:\Program Files\GitHub CLI\;C:\Users\adriant\AppData\Local\Microsoft\WindowsApps;C:\Users\adriant\.dotnet\tools;C:\Program Files\Azure Data Studio\bin;C:\Users\adriant\AppData\Roaming\npm
USERNAME=adriant
DISPLAY=:0.0
LC_ALL=en_US.UTF-8
TERM=xterm-256color
TMPDIR=C:\Users\adriant\AppData\Local\Temp
OS=Windows_NT
PROCESSOR_IDENTIFIER=Intel64 Family 6 Model 154 Stepping 3, GenuineIntel
TMP=C:\Users\adriant\AppData\Local\Temp
TEMP=C:\Users\adriant\AppData\Local\Temp


JNI global refs:
JNI global refs: 0, weak refs: 0

JNI global refs memory usage: 0, weak refs: 0

OOME stack traces (most recent first):
Classloader memory used:


---------------  S Y S T E M  ---------------

OS:
 Windows 10 , 64 bit Build 19041 (10.0.19041.3636)
OS uptime: 14 days 13:28 hours
Hyper-V role detected

CPU: total 16 (initial active 16) (8 cores per cpu, 2 threads per core) family 6 model 154 stepping 3 microcode 0x430, cx8, cmov, fxsr, ht, mmx, 3dnowpref, sse, sse2, sse3, ssse3, sse4.1, sse4.2, popcnt, lzcnt, tsc, tscinvbit, avx, avx2, aes, erms, clmul, bmi1, bmi2, adx, sha, fma, vzeroupper, clflush, clflushopt, clwb, hv

Memory: 4k page, system-wide physical 16083M (663M free)
TotalPageFile size 40998M (AvailPageFile size 145M)
current process WorkingSet (physical memory assigned to process): 15M, peak: 15M
current process commit charge ("private bytes"): 75M, peak: 327M

vm_info: OpenJDK 64-Bit Server VM (17.0.7+7-b1000.6) for windows-amd64 JRE (17.0.7+7-b1000.6), built on 2023-07-07 by "builduser" with MS VC++ 16.10 / 16.11 (VS2019)

END.
