#
# There is insufficient memory for the Java Runtime Environment to continue.
# Native memory allocation (malloc) failed to allocate 657552 bytes for Chunk::new
# Possible reasons:
#   The system is out of physical RAM or swap space
#   The process is running with CompressedOops enabled, and the Java Heap may be blocking the growth of the native heap
# Possible solutions:
#   Reduce memory load on the system
#   Increase physical memory or swap space
#   Check if swap backing store is full
#   Decrease Java heap size (-Xmx/-Xms)
#   Decrease number of Java threads
#   Decrease Java thread stack sizes (-Xss)
#   Set larger code cache with -XX:ReservedCodeCacheSize=
#   JVM is running with Zero Based Compressed Oops mode in which the Java heap is
#     placed in the first 32GB address space. The Java Heap base address is the
#     maximum limit for the native heap growth. Please use -XX:HeapBaseMinAddress
#     to set the Java Heap base and to place the Java Heap above 32GB virtual address.
# This output file may be truncated or incomplete.
#
#  Out of Memory Error (arena.cpp:189), pid=8828, tid=31796
#
# JRE version: OpenJDK Runtime Environment (17.0.2+8) (build 17.0.2+8-86)
# Java VM: OpenJDK 64-Bit Server VM (17.0.2+8-86, mixed mode, sharing, tiered, compressed oops, compressed class ptrs, g1 gc, windows-amd64)
# No core dump will be written. Minidumps are not enabled by default on client versions of Windows
#

---------------  S U M M A R Y ------------

Command Line: -javaagent:C:\Program Files\intelij\lib\idea_rt.jar=53612:C:\Program Files\intelij\bin -Dfile.encoding=UTF-8 com.shop.configserver.OsConfigServerApplication

Host: 12th Gen Intel(R) Core(TM) i7-1260P, 16 cores, 15G,  Windows 10 , 64 bit Build 19041 (10.0.19041.3636)
Time: Mon Jan 29 11:55:56 2024 GTB Standard Time elapsed time: 58.019702 seconds (0d 0h 0m 58s)

---------------  T H R E A D  ---------------

Current thread (0x0000023bf99c7de0):  JavaThread "C2 CompilerThread1" daemon [_thread_in_native, id=31796, stack(0x0000007c75b00000,0x0000007c75c00000)]


Current CompileTask:
C2:  58019 7224       4       java.lang.Class::descriptorString (170 bytes)

Stack: [0x0000007c75b00000,0x0000007c75c00000]
Native frames: (J=compiled Java code, j=interpreted, Vv=VM code, C=native code)
V  [jvm.dll+0x670baa]
V  [jvm.dll+0x7cfcb4]
V  [jvm.dll+0x7d145e]
V  [jvm.dll+0x7d1ac3]
V  [jvm.dll+0x242bc5]
V  [jvm.dll+0xaa57b]
V  [jvm.dll+0xaab0c]
V  [jvm.dll+0x35fd07]
V  [jvm.dll+0x32a331]
V  [jvm.dll+0x3297da]
V  [jvm.dll+0x215c91]
V  [jvm.dll+0x2150b1]
V  [jvm.dll+0x1a1bbd]
V  [jvm.dll+0x224908]
V  [jvm.dll+0x222a6c]
V  [jvm.dll+0x7859bb]
V  [jvm.dll+0x77ff7a]
V  [jvm.dll+0x66fa35]
C  [ucrtbase.dll+0x21bb2]
C  [KERNEL32.DLL+0x17344]
C  [ntdll.dll+0x526b1]


---------------  P R O C E S S  ---------------

Threads class SMR info:
_java_thread_list=0x0000023bcda9e7b0, length=37, elements={
0x0000023be7f5db60, 0x0000023be7f5efe0, 0x0000023be7f6e7e0, 0x0000023be7f6f390,
0x0000023be7f72560, 0x0000023be7f79e20, 0x0000023be7f88c70, 0x0000023be7f89660,
0x0000023be7f8c060, 0x0000023be7f77c70, 0x0000023be7f78610, 0x0000023be7f78140,
0x0000023be7f78fb0, 0x0000023be7f777a0, 0x0000023be7f79480, 0x0000023bf8935ab0,
0x0000023bf89372c0, 0x0000023bf8931280, 0x0000023bf8936df0, 0x0000023bf8936450,
0x0000023bf8937790, 0x0000023bf89355e0, 0x0000023bf8933dd0, 0x0000023bf8931c20,
0x0000023bf8935f80, 0x0000023bf89320f0, 0x0000023bf8936920, 0x0000023bf8938130,
0x0000023bf89342a0, 0x0000023bf8934c40, 0x0000023bf8938600, 0x0000023bf8934770,
0x0000023bf8935110, 0x0000023bf89325c0, 0x0000023bf8932f60, 0x0000023bf8932a90,
0x0000023bf99c7de0
}

Java Threads: ( => current thread )
  0x0000023be7f5db60 JavaThread "Reference Handler" daemon [_thread_blocked, id=28852, stack(0x0000007c75000000,0x0000007c75100000)]
  0x0000023be7f5efe0 JavaThread "Finalizer" daemon [_thread_blocked, id=36188, stack(0x0000007c75100000,0x0000007c75200000)]
  0x0000023be7f6e7e0 JavaThread "Signal Dispatcher" daemon [_thread_blocked, id=32116, stack(0x0000007c75200000,0x0000007c75300000)]
  0x0000023be7f6f390 JavaThread "Attach Listener" daemon [_thread_blocked, id=15348, stack(0x0000007c75300000,0x0000007c75400000)]
  0x0000023be7f72560 JavaThread "Service Thread" daemon [_thread_blocked, id=38120, stack(0x0000007c75400000,0x0000007c75500000)]
  0x0000023be7f79e20 JavaThread "Monitor Deflation Thread" daemon [_thread_blocked, id=29976, stack(0x0000007c75500000,0x0000007c75600000)]
  0x0000023be7f88c70 JavaThread "C2 CompilerThread0" daemon [_thread_in_native, id=2948, stack(0x0000007c75600000,0x0000007c75700000)]
  0x0000023be7f89660 JavaThread "C1 CompilerThread0" daemon [_thread_blocked, id=38624, stack(0x0000007c75700000,0x0000007c75800000)]
  0x0000023be7f8c060 JavaThread "Sweeper thread" daemon [_thread_blocked, id=38516, stack(0x0000007c75800000,0x0000007c75900000)]
  0x0000023be7f77c70 JavaThread "Common-Cleaner" daemon [_thread_blocked, id=36796, stack(0x0000007c75900000,0x0000007c75a00000)]
  0x0000023be7f78610 JavaThread "Monitor Ctrl-Break" daemon [_thread_in_native, id=28052, stack(0x0000007c75d00000,0x0000007c75e00000)]
  0x0000023be7f78140 JavaThread "Notification Thread" daemon [_thread_blocked, id=14936, stack(0x0000007c75e00000,0x0000007c75f00000)]
  0x0000023be7f78fb0 JavaThread "Catalina-utility-1" [_thread_blocked, id=38256, stack(0x0000007c77000000,0x0000007c77100000)]
  0x0000023be7f777a0 JavaThread "Catalina-utility-2" [_thread_blocked, id=11928, stack(0x0000007c77100000,0x0000007c77200000)]
  0x0000023be7f79480 JavaThread "container-0" [_thread_blocked, id=11348, stack(0x0000007c77200000,0x0000007c77300000)]
  0x0000023bf8935ab0 JavaThread "spring.cloud.inetutils" daemon [_thread_blocked, id=2340, stack(0x0000007c77300000,0x0000007c77400000)]
  0x0000023bf89372c0 JavaThread "JGit-WorkQueue" daemon [_thread_blocked, id=30828, stack(0x0000007c76700000,0x0000007c76800000)]
  0x0000023bf8931280 JavaThread "AsyncResolver-bootstrap-0" daemon [_thread_blocked, id=39360, stack(0x0000007c77700000,0x0000007c77800000)]
  0x0000023bf8936df0 JavaThread "DiscoveryClient-0" daemon [_thread_blocked, id=38396, stack(0x0000007c77800000,0x0000007c77900000)]
  0x0000023bf8936450 JavaThread "DiscoveryClient-1" daemon [_thread_blocked, id=26352, stack(0x0000007c77900000,0x0000007c77a00000)]
  0x0000023bf8937790 JavaThread "DiscoveryClient-InstanceInfoReplicator-0" daemon [_thread_blocked, id=16636, stack(0x0000007c77a00000,0x0000007c77b00000)]
  0x0000023bf89355e0 JavaThread "http-nio-8888-exec-1" daemon [_thread_in_native, id=34572, stack(0x0000007c77b00000,0x0000007c77c00000)]
  0x0000023bf8933dd0 JavaThread "http-nio-8888-exec-2" daemon [_thread_blocked, id=19204, stack(0x0000007c77c00000,0x0000007c77d00000)]
  0x0000023bf8931c20 JavaThread "http-nio-8888-exec-3" daemon [_thread_blocked, id=31872, stack(0x0000007c77d00000,0x0000007c77e00000)]
  0x0000023bf8935f80 JavaThread "http-nio-8888-exec-4" daemon [_thread_blocked, id=35808, stack(0x0000007c77e00000,0x0000007c77f00000)]
  0x0000023bf89320f0 JavaThread "http-nio-8888-exec-5" daemon [_thread_blocked, id=31304, stack(0x0000007c77f00000,0x0000007c78000000)]
  0x0000023bf8936920 JavaThread "http-nio-8888-exec-6" daemon [_thread_blocked, id=37988, stack(0x0000007c78000000,0x0000007c78100000)]
  0x0000023bf8938130 JavaThread "http-nio-8888-exec-7" daemon [_thread_blocked, id=31632, stack(0x0000007c78100000,0x0000007c78200000)]
  0x0000023bf89342a0 JavaThread "http-nio-8888-exec-8" daemon [_thread_blocked, id=39548, stack(0x0000007c78200000,0x0000007c78300000)]
  0x0000023bf8934c40 JavaThread "http-nio-8888-exec-9" daemon [_thread_blocked, id=40444, stack(0x0000007c78300000,0x0000007c78400000)]
  0x0000023bf8938600 JavaThread "http-nio-8888-exec-10" daemon [_thread_blocked, id=5140, stack(0x0000007c78400000,0x0000007c78500000)]
  0x0000023bf8934770 JavaThread "http-nio-8888-Poller" daemon [_thread_in_native, id=33568, stack(0x0000007c78500000,0x0000007c78600000)]
  0x0000023bf8935110 JavaThread "http-nio-8888-Acceptor" daemon [_thread_in_native, id=36956, stack(0x0000007c78600000,0x0000007c78700000)]
  0x0000023bf89325c0 JavaThread "DestroyJavaVM" [_thread_blocked, id=17668, stack(0x0000007c74900000,0x0000007c74a00000)]
  0x0000023bf8932f60 JavaThread "DiscoveryClient-HeartbeatExecutor-0" daemon [_thread_blocked, id=17292, stack(0x0000007c74700000,0x0000007c74800000)]
  0x0000023bf8932a90 JavaThread "DiscoveryClient-CacheRefreshExecutor-0" daemon [_thread_blocked, id=2444, stack(0x0000007c75a00000,0x0000007c75b00000)]
=>0x0000023bf99c7de0 JavaThread "C2 CompilerThread1" daemon [_thread_in_native, id=31796, stack(0x0000007c75b00000,0x0000007c75c00000)]

Other Threads:
  0x0000023be7f596b0 VMThread "VM Thread" [stack: 0x0000007c74f00000,0x0000007c75000000] [id=23844]
  0x0000023be7ddce70 WatcherThread [stack: 0x0000007c75f00000,0x0000007c76000000] [id=34688]
  0x0000023be7dc0a50 GCTaskThread "GC Thread#0" [stack: 0x0000007c74a00000,0x0000007c74b00000] [id=14976]
  0x0000023bf5a696b0 GCTaskThread "GC Thread#1" [stack: 0x0000007c76100000,0x0000007c76200000] [id=34000]
  0x0000023bf5a69960 GCTaskThread "GC Thread#2" [stack: 0x0000007c76200000,0x0000007c76300000] [id=39504]
  0x0000023bf5a68130 GCTaskThread "GC Thread#3" [stack: 0x0000007c76300000,0x0000007c76400000] [id=40036]
  0x0000023bf5a69400 GCTaskThread "GC Thread#4" [stack: 0x0000007c76400000,0x0000007c76500000] [id=8252]
  0x0000023bf5a69c10 GCTaskThread "GC Thread#5" [stack: 0x0000007c76500000,0x0000007c76600000] [id=9856]
  0x0000023bf5a683e0 GCTaskThread "GC Thread#6" [stack: 0x0000007c76600000,0x0000007c76700000] [id=26384]
  0x0000023bf5a69150 GCTaskThread "GC Thread#7" [stack: 0x0000007c76800000,0x0000007c76900000] [id=5472]
  0x0000023bf5a68bf0 GCTaskThread "GC Thread#8" [stack: 0x0000007c76900000,0x0000007c76a00000] [id=40284]
  0x0000023bf5a68ea0 GCTaskThread "GC Thread#9" [stack: 0x0000007c76a00000,0x0000007c76b00000] [id=22948]
  0x0000023bf7eb6b40 GCTaskThread "GC Thread#10" [stack: 0x0000007c76b00000,0x0000007c76c00000] [id=10880]
  0x0000023bf7eb70a0 GCTaskThread "GC Thread#11" [stack: 0x0000007c76c00000,0x0000007c76d00000] [id=37904]
  0x0000023bf7eb55c0 GCTaskThread "GC Thread#12" [stack: 0x0000007c76d00000,0x0000007c76e00000] [id=33688]
  0x0000023be7dc8cb0 ConcurrentGCThread "G1 Main Marker" [stack: 0x0000007c74b00000,0x0000007c74c00000] [id=8016]
  0x0000023bd0d9c560 ConcurrentGCThread "G1 Conc#0" [stack: 0x0000007c74c00000,0x0000007c74d00000] [id=38112]
  0x0000023bf7eb65e0 ConcurrentGCThread "G1 Conc#1" [stack: 0x0000007c76e00000,0x0000007c76f00000] [id=37120]
  0x0000023bf7eb7350 ConcurrentGCThread "G1 Conc#2" [stack: 0x0000007c76f00000,0x0000007c77000000] [id=37684]
  0x0000023be7ef1a50 ConcurrentGCThread "G1 Refine#0" [stack: 0x0000007c74d00000,0x0000007c74e00000] [id=33304]
  0x0000023be7ef2470 ConcurrentGCThread "G1 Service" [stack: 0x0000007c74e00000,0x0000007c74f00000] [id=11424]

Threads with active compile tasks:
C2 CompilerThread0    58482 7292       4       sun.security.util.AbstractAlgorithmConstraints::checkAlgorithm (87 bytes)
C2 CompilerThread1    58482 7224       4       java.lang.Class::descriptorString (170 bytes)

VM state: not at safepoint (normal execution)

VM Mutex/Monitor currently owned by a thread: None

Heap address: 0x0000000704a00000, size: 4022 MB, Compressed Oops mode: Zero based, Oop shift amount: 3

CDS archive(s) mapped at: [0x0000000800000000-0x0000000800bc0000-0x0000000800bc0000), size 12320768, SharedBaseAddress: 0x0000000800000000, ArchiveRelocationMode: 0.
Compressed class space mapped at: 0x0000000800c00000-0x0000000840c00000, reserved size: 1073741824
Narrow klass base: 0x0000000800000000, Narrow klass shift: 0, Narrow klass range: 0x100000000

GC Precious Log:
 CPUs: 16 total, 16 available
 Memory: 16083M
 Large Page Support: Disabled
 NUMA Support: Disabled
 Compressed Oops: Enabled (Zero based)
 Heap Region Size: 2M
 Heap Min Capacity: 8M
 Heap Initial Capacity: 252M
 Heap Max Capacity: 4022M
 Pre-touch: Disabled
 Parallel Workers: 13
 Concurrent Workers: 3
 Concurrent Refinement Workers: 13
 Periodic GC: Disabled

Heap:
 garbage-first heap   total 94208K, used 64603K [0x0000000704a00000, 0x0000000800000000)
  region size 2048K, 19 young (38912K), 2 survivors (4096K)
 Metaspace       used 58000K, committed 58496K, reserved 1105920K
  class space    used 7624K, committed 7872K, reserved 1048576K

Heap Regions: E=young(eden), S=young(survivor), O=old, HS=humongous(starts), HC=humongous(continues), CS=collection set, F=free, OA=open archive, CA=closed archive, TAMS=top-at-mark-start (previous, next)
|   0|0x0000000704a00000, 0x0000000704c00000, 0x0000000704c00000|100%| O|  |TAMS 0x0000000704c00000, 0x0000000704a00000| Untracked 
|   1|0x0000000704c00000, 0x0000000704e00000, 0x0000000704e00000|100%| O|  |TAMS 0x0000000704e00000, 0x0000000704c00000| Untracked 
|   2|0x0000000704e00000, 0x0000000705000000, 0x0000000705000000|100%| O|  |TAMS 0x0000000705000000, 0x0000000704e00000| Untracked 
|   3|0x0000000705000000, 0x0000000705200000, 0x0000000705200000|100%| O|  |TAMS 0x0000000705200000, 0x0000000705000000| Untracked 
|   4|0x0000000705200000, 0x0000000705400000, 0x0000000705400000|100%| O|  |TAMS 0x0000000705400000, 0x0000000705200000| Untracked 
|   5|0x0000000705400000, 0x0000000705600000, 0x0000000705600000|100%| O|  |TAMS 0x0000000705600000, 0x0000000705400000| Untracked 
|   6|0x0000000705600000, 0x0000000705800000, 0x0000000705800000|100%| O|  |TAMS 0x0000000705800000, 0x0000000705600000| Untracked 
|   7|0x0000000705800000, 0x0000000705a00000, 0x0000000705a00000|100%| O|  |TAMS 0x0000000705a00000, 0x0000000705800000| Untracked 
|   8|0x0000000705a00000, 0x0000000705c00000, 0x0000000705c00000|100%|HS|  |TAMS 0x0000000705a00000, 0x0000000705a00000| Complete 
|   9|0x0000000705c00000, 0x0000000705e00000, 0x0000000705e00000|100%| O|  |TAMS 0x0000000705c2fc00, 0x0000000705c00000| Untracked 
|  10|0x0000000705e00000, 0x0000000706000000, 0x0000000706000000|100%| O|  |TAMS 0x0000000705e00000, 0x0000000705e00000| Untracked 
|  11|0x0000000706000000, 0x0000000706200000, 0x0000000706200000|100%| O|  |TAMS 0x0000000706000000, 0x0000000706000000| Untracked 
|  12|0x0000000706200000, 0x0000000706400000, 0x0000000706400000|100%| O|  |TAMS 0x0000000706200000, 0x0000000706200000| Untracked 
|  13|0x0000000706400000, 0x0000000706590e00, 0x0000000706600000| 78%| O|  |TAMS 0x0000000706400000, 0x0000000706400000| Untracked 
|  14|0x0000000706600000, 0x0000000706600000, 0x0000000706800000|  0%| F|  |TAMS 0x0000000706600000, 0x0000000706600000| Untracked 
|  15|0x0000000706800000, 0x0000000706800000, 0x0000000706a00000|  0%| F|  |TAMS 0x0000000706800000, 0x0000000706800000| Untracked 
|  16|0x0000000706a00000, 0x0000000706a00000, 0x0000000706c00000|  0%| F|  |TAMS 0x0000000706a00000, 0x0000000706a00000| Untracked 
|  17|0x0000000706c00000, 0x0000000706c00000, 0x0000000706e00000|  0%| F|  |TAMS 0x0000000706c00000, 0x0000000706c00000| Untracked 
|  18|0x0000000706e00000, 0x0000000706e00000, 0x0000000707000000|  0%| F|  |TAMS 0x0000000706e00000, 0x0000000706e00000| Untracked 
|  19|0x0000000707000000, 0x0000000707000000, 0x0000000707200000|  0%| F|  |TAMS 0x0000000707000000, 0x0000000707000000| Untracked 
|  20|0x0000000707200000, 0x0000000707200000, 0x0000000707400000|  0%| F|  |TAMS 0x0000000707200000, 0x0000000707200000| Untracked 
|  21|0x0000000707400000, 0x0000000707400000, 0x0000000707600000|  0%| F|  |TAMS 0x0000000707400000, 0x0000000707400000| Untracked 
|  22|0x0000000707600000, 0x0000000707600000, 0x0000000707800000|  0%| F|  |TAMS 0x0000000707600000, 0x0000000707600000| Untracked 
|  23|0x0000000707800000, 0x0000000707985fc0, 0x0000000707a00000| 76%| S|CS|TAMS 0x0000000707800000, 0x0000000707800000| Complete 
|  24|0x0000000707a00000, 0x0000000707c00000, 0x0000000707c00000|100%| S|CS|TAMS 0x0000000707a00000, 0x0000000707a00000| Complete 
|  25|0x0000000707c00000, 0x0000000707c00000, 0x0000000707e00000|  0%| F|  |TAMS 0x0000000707c00000, 0x0000000707c00000| Untracked 
|  26|0x0000000707e00000, 0x0000000707e00000, 0x0000000708000000|  0%| F|  |TAMS 0x0000000707e00000, 0x0000000707e00000| Untracked 
|  27|0x0000000708000000, 0x0000000708000000, 0x0000000708200000|  0%| F|  |TAMS 0x0000000708000000, 0x0000000708000000| Untracked 
|  28|0x0000000708200000, 0x0000000708200000, 0x0000000708400000|  0%| F|  |TAMS 0x0000000708200000, 0x0000000708200000| Untracked 
|  29|0x0000000708400000, 0x00000007084415e8, 0x0000000708600000| 12%| E|  |TAMS 0x0000000708400000, 0x0000000708400000| Complete 
|  30|0x0000000708600000, 0x0000000708800000, 0x0000000708800000|100%| E|CS|TAMS 0x0000000708600000, 0x0000000708600000| Complete 
|  31|0x0000000708800000, 0x0000000708a00000, 0x0000000708a00000|100%| E|CS|TAMS 0x0000000708800000, 0x0000000708800000| Complete 
|  32|0x0000000708a00000, 0x0000000708c00000, 0x0000000708c00000|100%| E|CS|TAMS 0x0000000708a00000, 0x0000000708a00000| Complete 
|  33|0x0000000708c00000, 0x0000000708e00000, 0x0000000708e00000|100%| E|CS|TAMS 0x0000000708c00000, 0x0000000708c00000| Complete 
|  34|0x0000000708e00000, 0x0000000709000000, 0x0000000709000000|100%| E|CS|TAMS 0x0000000708e00000, 0x0000000708e00000| Complete 
|  35|0x0000000709000000, 0x0000000709200000, 0x0000000709200000|100%| E|CS|TAMS 0x0000000709000000, 0x0000000709000000| Complete 
|  36|0x0000000709200000, 0x0000000709400000, 0x0000000709400000|100%| E|CS|TAMS 0x0000000709200000, 0x0000000709200000| Complete 
|  37|0x0000000709400000, 0x0000000709600000, 0x0000000709600000|100%| E|CS|TAMS 0x0000000709400000, 0x0000000709400000| Complete 
|  38|0x0000000709600000, 0x0000000709800000, 0x0000000709800000|100%| E|CS|TAMS 0x0000000709600000, 0x0000000709600000| Complete 
|  39|0x0000000709800000, 0x0000000709a00000, 0x0000000709a00000|100%| E|CS|TAMS 0x0000000709800000, 0x0000000709800000| Complete 
|  92|0x0000000710200000, 0x0000000710400000, 0x0000000710400000|100%| E|CS|TAMS 0x0000000710200000, 0x0000000710200000| Complete 
|  93|0x0000000710400000, 0x0000000710600000, 0x0000000710600000|100%| E|CS|TAMS 0x0000000710400000, 0x0000000710400000| Complete 
|  94|0x0000000710600000, 0x0000000710800000, 0x0000000710800000|100%| E|CS|TAMS 0x0000000710600000, 0x0000000710600000| Complete 
|  95|0x0000000710800000, 0x0000000710a00000, 0x0000000710a00000|100%| E|CS|TAMS 0x0000000710800000, 0x0000000710800000| Complete 
| 124|0x0000000714200000, 0x0000000714400000, 0x0000000714400000|100%| E|CS|TAMS 0x0000000714200000, 0x0000000714200000| Complete 
| 125|0x0000000714400000, 0x0000000714600000, 0x0000000714600000|100%| E|CS|TAMS 0x0000000714400000, 0x0000000714400000| Complete 

Card table byte_map: [0x0000023be8780000,0x0000023be8f60000] _byte_map_base: 0x0000023be4f5b000

Marking Bits (Prev, Next): (CMBitMap*) 0x0000023bd0d91fb0, (CMBitMap*) 0x0000023bd0d91ff0
 Prev Bits: [0x0000023be9740000, 0x0000023bed618000)
 Next Bits: [0x0000023bed620000, 0x0000023bf14f8000)

Polling page: 0x0000023bd04a0000

Metaspace:

Usage:
  Non-class:     49.20 MB used.
      Class:      7.45 MB used.
       Both:     56.64 MB used.

Virtual space:
  Non-class space:       56.00 MB reserved,      49.44 MB ( 88%) committed,  7 nodes.
      Class space:        1.00 GB reserved,       7.69 MB ( <1%) committed,  1 nodes.
             Both:        1.05 GB reserved,      57.12 MB (  5%) committed. 

Chunk freelists:
   Non-Class:  2.25 MB
       Class:  333.00 KB
        Both:  2.58 MB

MaxMetaspaceSize: unlimited
CompressedClassSpaceSize: 1.00 GB
Initial GC threshold: 21.00 MB
Current GC threshold: 59.38 MB
CDS: on
MetaspaceReclaimPolicy: balanced
 - commit_granule_bytes: 65536.
 - commit_granule_words: 8192.
 - virtual_space_node_default_size: 1048576.
 - enlarge_chunks_in_place: 1.
 - new_chunks_are_fully_committed: 0.
 - uncommit_free_chunks: 1.
 - use_allocation_guard: 0.
 - handle_deallocations: 1.


Internal statistics:

num_allocs_failed_limit: 6.
num_arena_births: 726.
num_arena_deaths: 0.
num_vsnodes_births: 8.
num_vsnodes_deaths: 0.
num_space_committed: 914.
num_space_uncommitted: 0.
num_chunks_returned_to_freelist: 6.
num_chunks_taken_from_freelist: 2744.
num_chunk_merges: 3.
num_chunk_splits: 1877.
num_chunks_enlarged: 1413.
num_purges: 0.
num_inconsistent_stats: 0.

CodeHeap 'non-profiled nmethods': size=119168Kb used=3913Kb max_used=3913Kb free=115254Kb
 bounds [0x0000023be00b0000, 0x0000023be0490000, 0x0000023be7510000]
CodeHeap 'profiled nmethods': size=119104Kb used=13651Kb max_used=13651Kb free=105452Kb
 bounds [0x0000023bd8c60000, 0x0000023bd99c0000, 0x0000023be00b0000]
CodeHeap 'non-nmethods': size=7488Kb used=1309Kb max_used=3058Kb free=6178Kb
 bounds [0x0000023bd8510000, 0x0000023bd8820000, 0x0000023bd8c60000]
 total_blobs=6971 nmethods=6338 adapters=545
 compilation: enabled
              stopped_count=0, restarted_count=0
 full_count=0

Compilation events (20 events):
Event: 57.948 Thread 0x0000023be7f89660 7222       1       java.util.regex.Pattern::lambda$ALL$3 (2 bytes)
Event: 57.948 Thread 0x0000023be7f89660 nmethod 7222 0x0000023be0472d90 code [0x0000023be0472f20, 0x0000023be0472fd8]
Event: 57.950 Thread 0x0000023be7f88c70 7223       4       org.springframework.core.annotation.AnnotationsScanner::isWithoutHierarchy (119 bytes)
Event: 57.953 Thread 0x0000023bf99c7de0 7224       4       java.lang.Class::descriptorString (170 bytes)
Event: 57.954 Thread 0x0000023be7f88c70 nmethod 7223 0x0000023be0473090 code [0x0000023be0473240, 0x0000023be04734f8]
Event: 57.955 Thread 0x0000023be7f89660 7225       1       org.springframework.core.annotation.AnnotationTypeMapping$MirrorSets$MirrorSet::size (5 bytes)
Event: 57.955 Thread 0x0000023be7f89660 nmethod 7225 0x0000023be0473810 code [0x0000023be04739a0, 0x0000023be0473a78]
Event: 57.972 Thread 0x0000023be7f89660 7226       3       org.springframework.core.annotation.AnnotatedMethod$AnnotatedMethodParameter::getParameterAnnotations (235 bytes)
Event: 57.972 Thread 0x0000023be7f88c70 7227       4       java.lang.reflect.Proxy::isProxyClass (22 bytes)
Event: 57.974 Thread 0x0000023be7f89660 nmethod 7226 0x0000023bd997d210 code [0x0000023bd997d520, 0x0000023bd997ed28]
Event: 57.982 Thread 0x0000023be7f89660 7233       3       java.util.ArrayDeque::iterator (9 bytes)
Event: 57.983 Thread 0x0000023be7f89660 nmethod 7233 0x0000023bd997f590 code [0x0000023bd997f740, 0x0000023bd997fb78]
Event: 57.983 Thread 0x0000023be7f89660 7234       3       java.util.ArrayDeque$DeqIterator::<init> (34 bytes)
Event: 57.984 Thread 0x0000023be7f89660 nmethod 7234 0x0000023bd997fd10 code [0x0000023bd997fec0, 0x0000023bd9980238]
Event: 57.989 Thread 0x0000023be7f88c70 nmethod 7227 0x0000023be0474410 code [0x0000023be0474620, 0x0000023be0474df8]
Event: 57.989 Thread 0x0000023be7f88c70 7228       4       java.net.URLStreamHandler::setURL (73 bytes)
Event: 57.995 Thread 0x0000023be7f89660 7235       3       java.io.File::<init> (47 bytes)
Event: 57.995 Thread 0x0000023be7f89660 nmethod 7235 0x0000023bd9980390 code [0x0000023bd9980560, 0x0000023bd99808e8]
Event: 57.995 Thread 0x0000023be7f89660 7236       3       io.micrometer.core.instrument.binder.logging.MetricsTurboFilter::decide (62 bytes)
Event: 57.998 Thread 0x0000023be7f89660 nmethod 7236 0x0000023bd9980a10 code [0x0000023bd9980ce0, 0x0000023bd9981c68]

GC Heap History (20 events):
Event: 5.645 GC heap before
{Heap before GC invocations=1 (full 0):
 garbage-first heap   total 258048K, used 29507K [0x0000000704a00000, 0x0000000800000000)
  region size 2048K, 13 young (26624K), 2 survivors (4096K)
 Metaspace       used 10241K, committed 10496K, reserved 1064960K
  class space    used 1295K, committed 1408K, reserved 1048576K
}
Event: 5.653 GC heap after
{Heap after GC invocations=2 (full 0):
 garbage-first heap   total 258048K, used 8869K [0x0000000704a00000, 0x0000000800000000)
  region size 2048K, 1 young (2048K), 1 survivors (2048K)
 Metaspace       used 10241K, committed 10496K, reserved 1064960K
  class space    used 1295K, committed 1408K, reserved 1048576K
}
Event: 6.878 GC heap before
{Heap before GC invocations=2 (full 0):
 garbage-first heap   total 258048K, used 64165K [0x0000000704a00000, 0x0000000800000000)
  region size 2048K, 30 young (61440K), 1 survivors (2048K)
 Metaspace       used 21313K, committed 21504K, reserved 1073152K
  class space    used 2708K, committed 2816K, reserved 1048576K
}
Event: 6.888 GC heap after
{Heap after GC invocations=3 (full 0):
 garbage-first heap   total 258048K, used 13581K [0x0000000704a00000, 0x0000000800000000)
  region size 2048K, 4 young (8192K), 4 survivors (8192K)
 Metaspace       used 21313K, committed 21504K, reserved 1073152K
  class space    used 2708K, committed 2816K, reserved 1048576K
}
Event: 8.265 GC heap before
{Heap before GC invocations=4 (full 0):
 garbage-first heap   total 69632K, used 46349K [0x0000000704a00000, 0x0000000800000000)
  region size 2048K, 20 young (40960K), 4 survivors (8192K)
 Metaspace       used 25190K, committed 25472K, reserved 1073152K
  class space    used 3176K, committed 3328K, reserved 1048576K
}
Event: 8.280 GC heap after
{Heap after GC invocations=5 (full 0):
 garbage-first heap   total 69632K, used 16319K [0x0000000704a00000, 0x0000000800000000)
  region size 2048K, 2 young (4096K), 2 survivors (4096K)
 Metaspace       used 25190K, committed 25472K, reserved 1073152K
  class space    used 3176K, committed 3328K, reserved 1048576K
}
Event: 8.402 GC heap before
{Heap before GC invocations=5 (full 0):
 garbage-first heap   total 69632K, used 18367K [0x0000000704a00000, 0x0000000800000000)
  region size 2048K, 3 young (6144K), 2 survivors (4096K)
 Metaspace       used 25360K, committed 25664K, reserved 1073152K
  class space    used 3204K, committed 3392K, reserved 1048576K
}
Event: 8.413 GC heap after
{Heap after GC invocations=6 (full 0):
 garbage-first heap   total 69632K, used 16937K [0x0000000704a00000, 0x0000000800000000)
  region size 2048K, 1 young (2048K), 1 survivors (2048K)
 Metaspace       used 25360K, committed 25664K, reserved 1073152K
  class space    used 3204K, committed 3392K, reserved 1048576K
}
Event: 9.848 GC heap before
{Heap before GC invocations=6 (full 0):
 garbage-first heap   total 69632K, used 43561K [0x0000000704a00000, 0x0000000800000000)
  region size 2048K, 14 young (28672K), 1 survivors (2048K)
 Metaspace       used 29050K, committed 29376K, reserved 1081344K
  class space    used 3733K, committed 3904K, reserved 1048576K
}
Event: 9.862 GC heap after
{Heap after GC invocations=7 (full 0):
 garbage-first heap   total 69632K, used 18690K [0x0000000704a00000, 0x0000000800000000)
  region size 2048K, 2 young (4096K), 2 survivors (4096K)
 Metaspace       used 29050K, committed 29376K, reserved 1081344K
  class space    used 3733K, committed 3904K, reserved 1048576K
}
Event: 10.837 GC heap before
{Heap before GC invocations=7 (full 0):
 garbage-first heap   total 69632K, used 45314K [0x0000000704a00000, 0x0000000800000000)
  region size 2048K, 15 young (30720K), 2 survivors (4096K)
 Metaspace       used 33376K, committed 33856K, reserved 1081344K
  class space    used 4311K, committed 4544K, reserved 1048576K
}
Event: 10.848 GC heap after
{Heap after GC invocations=8 (full 0):
 garbage-first heap   total 69632K, used 21080K [0x0000000704a00000, 0x0000000800000000)
  region size 2048K, 2 young (4096K), 2 survivors (4096K)
 Metaspace       used 33376K, committed 33856K, reserved 1081344K
  class space    used 4311K, committed 4544K, reserved 1048576K
}
Event: 11.380 GC heap before
{Heap before GC invocations=8 (full 0):
 garbage-first heap   total 69632K, used 39512K [0x0000000704a00000, 0x0000000800000000)
  region size 2048K, 12 young (24576K), 2 survivors (4096K)
 Metaspace       used 35891K, committed 36288K, reserved 1081344K
  class space    used 4676K, committed 4864K, reserved 1048576K
}
Event: 11.385 GC heap after
{Heap after GC invocations=9 (full 0):
 garbage-first heap   total 94208K, used 23132K [0x0000000704a00000, 0x0000000800000000)
  region size 2048K, 2 young (4096K), 2 survivors (4096K)
 Metaspace       used 35891K, committed 36288K, reserved 1081344K
  class space    used 4676K, committed 4864K, reserved 1048576K
}
Event: 13.589 GC heap before
{Heap before GC invocations=10 (full 0):
 garbage-first heap   total 94208K, used 66140K [0x0000000704a00000, 0x0000000800000000)
  region size 2048K, 23 young (47104K), 2 survivors (4096K)
 Metaspace       used 44817K, committed 45248K, reserved 1089536K
  class space    used 5868K, committed 6080K, reserved 1048576K
}
Event: 13.595 GC heap after
{Heap after GC invocations=11 (full 0):
 garbage-first heap   total 94208K, used 27068K [0x0000000704a00000, 0x0000000800000000)
  region size 2048K, 3 young (6144K), 3 survivors (6144K)
 Metaspace       used 44817K, committed 45248K, reserved 1089536K
  class space    used 5868K, committed 6080K, reserved 1048576K
}
Event: 13.933 GC heap before
{Heap before GC invocations=11 (full 0):
 garbage-first heap   total 94208K, used 27068K [0x0000000704a00000, 0x0000000800000000)
  region size 2048K, 4 young (8192K), 3 survivors (6144K)
 Metaspace       used 46019K, committed 46464K, reserved 1089536K
  class space    used 6000K, committed 6208K, reserved 1048576K
}
Event: 13.938 GC heap after
{Heap after GC invocations=12 (full 0):
 garbage-first heap   total 94208K, used 27247K [0x0000000704a00000, 0x0000000800000000)
  region size 2048K, 1 young (2048K), 1 survivors (2048K)
 Metaspace       used 46019K, committed 46464K, reserved 1089536K
  class space    used 6000K, committed 6208K, reserved 1048576K
}
Event: 16.244 GC heap before
{Heap before GC invocations=12 (full 0):
 garbage-first heap   total 94208K, used 70255K [0x0000000704a00000, 0x0000000800000000)
  region size 2048K, 21 young (43008K), 1 survivors (2048K)
 Metaspace       used 50909K, committed 51392K, reserved 1097728K
  class space    used 6695K, committed 6976K, reserved 1048576K
}
Event: 16.249 GC heap after
{Heap after GC invocations=13 (full 0):
 garbage-first heap   total 94208K, used 31835K [0x0000000704a00000, 0x0000000800000000)
  region size 2048K, 2 young (4096K), 2 survivors (4096K)
 Metaspace       used 50909K, committed 51392K, reserved 1097728K
  class space    used 6695K, committed 6976K, reserved 1048576K
}

Deoptimization events (20 events):
Event: 16.877 Thread 0x0000023bd0d5bc00 Uncommon trap: trap_request=0xffffffde fr.pc=0x0000023be02134d4 relative=0x0000000000001534
Event: 16.877 Thread 0x0000023bd0d5bc00 Uncommon trap: reason=class_check action=maybe_recompile pc=0x0000023be02134d4 method=java.util.zip.InflaterInputStream.read([BII)I @ 100 c2
Event: 16.877 Thread 0x0000023bd0d5bc00 DEOPT PACKING pc=0x0000023be02134d4 sp=0x0000007c749faaf0
Event: 16.877 Thread 0x0000023bd0d5bc00 DEOPT UNPACKING pc=0x0000023bd85623a3 sp=0x0000007c749fab40 mode 2
Event: 16.980 Thread 0x0000023bd0d5bc00 Uncommon trap: trap_request=0xffffff45 fr.pc=0x0000023be01c3c98 relative=0x0000000000001338
Event: 16.980 Thread 0x0000023bd0d5bc00 Uncommon trap: reason=unstable_if action=reinterpret pc=0x0000023be01c3c98 method=java.lang.String.<init>([BIILjava/nio/charset/Charset;)V @ 18 c2
Event: 16.980 Thread 0x0000023bd0d5bc00 DEOPT PACKING pc=0x0000023be01c3c98 sp=0x0000007c749fe350
Event: 16.981 Thread 0x0000023bd0d5bc00 DEOPT UNPACKING pc=0x0000023bd85623a3 sp=0x0000007c749fe2e8 mode 2
Event: 46.925 Thread 0x0000023bf8932a90 Uncommon trap: trap_request=0xffffffde fr.pc=0x0000023be02134d4 relative=0x0000000000001534
Event: 46.925 Thread 0x0000023bf8932a90 Uncommon trap: reason=class_check action=maybe_recompile pc=0x0000023be02134d4 method=java.util.zip.InflaterInputStream.read([BII)I @ 100 c2
Event: 46.925 Thread 0x0000023bf8932a90 DEOPT PACKING pc=0x0000023be02134d4 sp=0x0000007c75afe4b0
Event: 46.925 Thread 0x0000023bf8932a90 DEOPT UNPACKING pc=0x0000023bd85623a3 sp=0x0000007c75afe500 mode 2
Event: 46.926 Thread 0x0000023bf8932a90 Uncommon trap: trap_request=0xffffffde fr.pc=0x0000023be02134d4 relative=0x0000000000001534
Event: 46.926 Thread 0x0000023bf8932a90 Uncommon trap: reason=class_check action=maybe_recompile pc=0x0000023be02134d4 method=java.util.zip.InflaterInputStream.read([BII)I @ 100 c2
Event: 46.926 Thread 0x0000023bf8932a90 DEOPT PACKING pc=0x0000023be02134d4 sp=0x0000007c75afd4b0
Event: 46.926 Thread 0x0000023bf8932a90 DEOPT UNPACKING pc=0x0000023bd85623a3 sp=0x0000007c75afd500 mode 2
Event: 57.912 Thread 0x0000023bf89355e0 Uncommon trap: trap_request=0xffffff45 fr.pc=0x0000023be023f388 relative=0x0000000000000388
Event: 57.912 Thread 0x0000023bf89355e0 Uncommon trap: reason=unstable_if action=reinterpret pc=0x0000023be023f388 method=java.util.HashMap.putMapEntries(Ljava/util/Map;Z)V @ 53 c2
Event: 57.912 Thread 0x0000023bf89355e0 DEOPT PACKING pc=0x0000023be023f388 sp=0x0000007c77bfe860
Event: 57.912 Thread 0x0000023bf89355e0 DEOPT UNPACKING pc=0x0000023bd85623a3 sp=0x0000007c77bfe7d8 mode 2

Classes unloaded (0 events):
No events

Classes redefined (0 events):
No events

Internal exceptions (20 events):
Event: 15.387 Thread 0x0000023bd0d5bc00 Exception <a 'sun/nio/fs/WindowsException'{0x00000007094e1fb8}> (0x00000007094e1fb8) 
thrown [t:\workspace\open\src\hotspot\share\prims\jni.cpp, line 516]
Event: 15.615 Thread 0x0000023bd0d5bc00 Exception <a 'java/lang/NoSuchMethodError'{0x0000000708cc2600}: 'double java.lang.invoke.DirectMethodHandle$Holder.invokeStatic(java.lang.Object, java.lang.Object)'> (0x0000000708cc2600) 
thrown [t:\workspace\open\src\hotspot\share\interpreter\linkResolver.cpp, line 766]
Event: 15.616 Thread 0x0000023bd0d5bc00 Exception <a 'java/lang/NoSuchMethodError'{0x0000000708cd4130}: 'int java.lang.invoke.DirectMethodHandle$Holder.invokeStatic(java.lang.Object, java.lang.Object, java.lang.Object, java.lang.Object, java.lang.Object)'> (0x0000000708cd4130) 
thrown [t:\workspace\open\src\hotspot\share\interpreter\linkResolver.cpp, line 766]
Event: 16.092 Thread 0x0000023bd0d5bc00 Exception <a 'java/lang/NoSuchMethodError'{0x0000000707ef3018}: 'void java.lang.invoke.DirectMethodHandle$Holder.invokeStatic(java.lang.Object, java.lang.Object, double)'> (0x0000000707ef3018) 
thrown [t:\workspace\open\src\hotspot\share\interpreter\linkResolver.cpp, line 766]
Event: 16.107 Thread 0x0000023bd0d5bc00 Exception <a 'java/lang/NoSuchMethodError'{0x0000000707f4d620}: 'double java.lang.invoke.DirectMethodHandle$Holder.invokeStatic(java.lang.Object, java.lang.Object, java.lang.Object)'> (0x0000000707f4d620) 
thrown [t:\workspace\open\src\hotspot\share\interpreter\linkResolver.cpp, line 766]
Event: 16.123 Thread 0x0000023bd0d5bc00 Exception <a 'java/lang/NoSuchMethodError'{0x0000000707fbea60}: 'java.lang.Object java.lang.invoke.DirectMethodHandle$Holder.newInvokeSpecial(java.lang.Object, java.lang.Object, int, java.lang.Object, java.lang.Object)'> (0x0000000707fbea60) 
thrown [t:\workspace\open\src\hotspot\share\interpreter\linkResolver.cpp, line 766]
Event: 16.124 Thread 0x0000023bd0d5bc00 Exception <a 'java/lang/NoSuchMethodError'{0x0000000707fca0d8}: 'java.lang.Object java.lang.invoke.DirectMethodHandle$Holder.invokeSpecial(java.lang.Object, java.lang.Object, int, java.lang.Object, int, java.lang.Object)'> (0x0000000707fca0d8) 
thrown [t:\workspace\open\src\hotspot\share\interpreter\linkResolver.cpp, line 766]
Event: 16.125 Thread 0x0000023bd0d5bc00 Exception <a 'java/lang/NoSuchMethodError'{0x0000000707fd1ee0}: 'java.lang.Object java.lang.invoke.DirectMethodHandle$Holder.newInvokeSpecial(java.lang.Object, java.lang.Object, int, java.lang.Object, int)'> (0x0000000707fd1ee0) 
thrown [t:\workspace\open\src\hotspot\share\interpreter\linkResolver.cpp, line 766]
Event: 16.125 Thread 0x0000023bd0d5bc00 Exception <a 'java/lang/NoSuchMethodError'{0x0000000707fd5fe0}: 'java.lang.Object java.lang.invoke.DirectMethodHandle$Holder.invokeSpecial(java.lang.Object, java.lang.Object, java.lang.Object, int, java.lang.Object, int)'> (0x0000000707fd5fe0) 
thrown [t:\workspace\open\src\hotspot\share\interpreter\linkResolver.cpp, line 766]
Event: 16.239 Thread 0x0000023bd0d5bc00 Exception <a 'java/lang/IncompatibleClassChangeError'{0x0000000707de73e8}: Found class java.lang.Object, but interface was expected> (0x0000000707de73e8) 
thrown [t:\workspace\open\src\hotspot\share\interpreter\linkResolver.cpp, line 833]
Event: 16.268 Thread 0x0000023be7f78140 Exception <a 'java/lang/NoSuchMethodError'{0x000000071441e948}: 'long java.lang.invoke.DirectMethodHandle$Holder.invokeStatic(java.lang.Object, java.lang.Object, java.lang.Object)'> (0x000000071441e948) 
thrown [t:\workspace\open\src\hotspot\share\interpreter\linkResolver.cpp, line 766]
Event: 16.296 Thread 0x0000023bd0d5bc00 Implicit null exception at 0x0000023be0238271 to 0x0000023be023842c
Event: 57.823 Thread 0x0000023bf89355e0 Exception <a 'java/lang/NoSuchMethodError'{0x0000000708b0edd0}: 'java.lang.Object java.lang.invoke.DirectMethodHandle$Holder.invokeSpecial(java.lang.Object, java.lang.Object, java.lang.Object, java.lang.Object, java.lang.Object, long)'> (0x0000000708b0edd0) 
thrown [t:\workspace\open\src\hotspot\share\interpreter\linkResolver.cpp, line 766]
Event: 57.823 Thread 0x0000023bf89355e0 Exception <a 'java/lang/NoSuchMethodError'{0x0000000708b12810}: 'java.lang.Object java.lang.invoke.Invokers$Holder.linkToTargetMethod(java.lang.Object, java.lang.Object, java.lang.Object, long, java.lang.Object)'> (0x0000000708b12810) 
thrown [t:\workspace\open\src\hotspot\share\interpreter\linkResolver.cpp, line 766]
Event: 57.976 Thread 0x0000023bf89355e0 Exception <a 'java/lang/NoSuchMethodError'{0x0000000708997ea0}: 'java.lang.Object java.lang.invoke.DirectMethodHandle$Holder.invokeSpecial(java.lang.Object, java.lang.Object, java.lang.Object, java.lang.Object, java.lang.Object, int)'> (0x0000000708997ea0) 
thrown [t:\workspace\open\src\hotspot\share\interpreter\linkResolver.cpp, line 766]
Event: 57.977 Thread 0x0000023bf89355e0 Exception <a 'java/lang/NoSuchMethodError'{0x00000007089a0a40}: 'java.lang.Object java.lang.invoke.DirectMethodHandle$Holder.newInvokeSpecial(java.lang.Object, java.lang.Object, java.lang.Object, java.lang.Object, java.lang.Object, int)'> (0x00000007089a0a40) 
thrown [t:\workspace\open\src\hotspot\share\interpreter\linkResolver.cpp, line 766]
Event: 57.978 Thread 0x0000023bf89355e0 Exception <a 'java/lang/NoSuchMethodError'{0x00000007089a4da8}: 'java.lang.Object java.lang.invoke.Invokers$Holder.linkToTargetMethod(java.lang.Object, java.lang.Object, java.lang.Object, java.lang.Object, int, java.lang.Object)'> (0x00000007089a4da8) 
thrown [t:\workspace\open\src\hotspot\share\interpreter\linkResolver.cpp, line 766]
Event: 58.003 Thread 0x0000023bf89355e0 Exception <a 'sun/nio/fs/WindowsException'{0x00000007089dcd48}> (0x00000007089dcd48) 
thrown [t:\workspace\open\src\hotspot\share\prims\jni.cpp, line 516]
Event: 58.007 Thread 0x0000023bf89355e0 Exception <a 'sun/nio/fs/WindowsException'{0x00000007089e2c10}> (0x00000007089e2c10) 
thrown [t:\workspace\open\src\hotspot\share\prims\jni.cpp, line 516]
Event: 58.009 Thread 0x0000023bf89355e0 Exception <a 'sun/nio/fs/WindowsException'{0x00000007089e4408}> (0x00000007089e4408) 
thrown [t:\workspace\open\src\hotspot\share\prims\jni.cpp, line 516]

VM Operations (20 events):
Event: 17.256 Executing VM operation: HandshakeAllThreads
Event: 17.256 Executing VM operation: HandshakeAllThreads done
Event: 18.267 Executing VM operation: Cleanup
Event: 18.268 Executing VM operation: Cleanup done
Event: 21.291 Executing VM operation: Cleanup
Event: 21.291 Executing VM operation: Cleanup done
Event: 47.491 Executing VM operation: Cleanup
Event: 47.492 Executing VM operation: Cleanup done
Event: 57.870 Executing VM operation: HandshakeAllThreads
Event: 57.870 Executing VM operation: HandshakeAllThreads done
Event: 57.870 Executing VM operation: Cleanup
Event: 57.870 Executing VM operation: Cleanup done
Event: 57.870 Executing VM operation: HandshakeAllThreads
Event: 57.870 Executing VM operation: HandshakeAllThreads done
Event: 57.872 Executing VM operation: HandshakeAllThreads
Event: 57.872 Executing VM operation: HandshakeAllThreads done
Event: 57.959 Executing VM operation: HandshakeAllThreads
Event: 57.959 Executing VM operation: HandshakeAllThreads done
Event: 57.968 Executing VM operation: HandshakeAllThreads
Event: 57.968 Executing VM operation: HandshakeAllThreads done

Events (20 events):
Event: 57.753 loading class sun/nio/ch/SocketAdaptor done
Event: 57.754 loading class sun/nio/ch/SocketChannelImpl$DefaultOptionsHolder
Event: 57.754 loading class sun/nio/ch/SocketChannelImpl$DefaultOptionsHolder done
Event: 57.756 loading class sun/nio/ch/SelectionKeyImpl
Event: 57.756 loading class java/nio/channels/spi/AbstractSelectionKey
Event: 57.756 loading class java/nio/channels/SelectionKey
Event: 57.756 loading class java/nio/channels/SelectionKey done
Event: 57.756 loading class java/nio/channels/spi/AbstractSelectionKey done
Event: 57.756 loading class sun/nio/ch/SelectionKeyImpl done
Event: 57.757 loading class java/lang/invoke/ConstantBootstraps
Event: 57.757 loading class java/lang/invoke/ConstantBootstraps done
Event: 57.822 Thread 0x0000023bf99c7de0 Thread added: 0x0000023bf99c7de0
Event: 57.888 Thread 0x0000023be7f8c060 flushing nmethod 0x0000023bd9338d90
Event: 57.890 Thread 0x0000023be7f8c060 flushing nmethod 0x0000023bd950ca90
Event: 57.927 loading class java/util/concurrent/ArrayBlockingQueue
Event: 57.928 loading class java/util/concurrent/ArrayBlockingQueue done
Event: 57.928 loading class java/util/concurrent/ArrayBlockingQueue$Itr
Event: 57.929 loading class java/util/concurrent/ArrayBlockingQueue$Itr done
Event: 58.002 loading class java/nio/file/DirectoryIteratorException
Event: 58.003 loading class java/nio/file/DirectoryIteratorException done


Dynamic libraries:
0x00007ff7933d0000 - 0x00007ff7933de000 	C:\Program Files\Java\jdk-17.0.2\bin\java.exe
0x00007ff96ab30000 - 0x00007ff96ad28000 	C:\Windows\SYSTEM32\ntdll.dll
0x00007ff96a6d0000 - 0x00007ff96a78d000 	C:\Windows\System32\KERNEL32.DLL
0x00007ff968270000 - 0x00007ff968566000 	C:\Windows\System32\KERNELBASE.dll
0x00007ff9685c0000 - 0x00007ff9686c0000 	C:\Windows\System32\ucrtbase.dll
0x00007ff95baf0000 - 0x00007ff95bb0a000 	C:\Program Files\Java\jdk-17.0.2\bin\VCRUNTIME140.dll
0x00007ff95bad0000 - 0x00007ff95bae8000 	C:\Program Files\Java\jdk-17.0.2\bin\jli.dll
0x00007ff969e60000 - 0x00007ff969ffe000 	C:\Windows\System32\USER32.dll
0x00007ff9687e0000 - 0x00007ff968802000 	C:\Windows\System32\win32u.dll
0x00007ff96a3f0000 - 0x00007ff96a41c000 	C:\Windows\System32\GDI32.dll
0x00007ff9686c0000 - 0x00007ff9687da000 	C:\Windows\System32\gdi32full.dll
0x00007ff968ae0000 - 0x00007ff968b7d000 	C:\Windows\System32\msvcp_win.dll
0x00007ff94fbc0000 - 0x00007ff94fe5a000 	C:\Windows\WinSxS\amd64_microsoft.windows.common-controls_6595b64144ccf1df_6.0.19041.3636_none_60b6a03d71f818d5\COMCTL32.dll
0x00007ff96a000000 - 0x00007ff96a09e000 	C:\Windows\System32\msvcrt.dll
0x00007ff969d90000 - 0x00007ff969dc0000 	C:\Windows\System32\IMM32.DLL
0x00007ff95d710000 - 0x00007ff95d912000 	C:\Windows\system32\tmumh\20019\AddOn\8.55.0.1288\TmUmEvt64.dll
0x00007ff9690b0000 - 0x00007ff9690b8000 	C:\Windows\System32\PSAPI.DLL
0x00007ff96a0a0000 - 0x00007ff96a153000 	C:\Windows\System32\ADVAPI32.dll
0x00007ff969dc0000 - 0x00007ff969e5f000 	C:\Windows\System32\sechost.dll
0x00007ff9692b0000 - 0x00007ff9693d6000 	C:\Windows\System32\RPCRT4.dll
0x00007ff968a20000 - 0x00007ff968a47000 	C:\Windows\System32\bcrypt.dll
0x000000005e330000 - 0x000000005e4a3000 	C:\Windows\system32\tmumh\20019\TmMon\2.9.0.1048\tmmon64.dll
0x00007ff94ee30000 - 0x00007ff94f16d000 	C:\Windows\System32\TmLWE\TmUmSnsr64\1.0.0.1125\TmUmSnsr64.dll
0x00007ff965c80000 - 0x00007ff965c92000 	C:\Windows\SYSTEM32\kernel.appcore.dll
0x00007ff95b9c0000 - 0x00007ff95b9cc000 	C:\Program Files\Java\jdk-17.0.2\bin\vcruntime140_1.dll
0x00007ff95ba40000 - 0x00007ff95bacd000 	C:\Program Files\Java\jdk-17.0.2\bin\msvcp140.dll
0x00007ff8ecb00000 - 0x00007ff8ed6c1000 	C:\Program Files\Java\jdk-17.0.2\bin\server\jvm.dll
0x00007ff955f40000 - 0x00007ff955f49000 	C:\Windows\SYSTEM32\WSOCK32.dll
0x00007ff969d20000 - 0x00007ff969d8b000 	C:\Windows\System32\WS2_32.dll
0x00007ff958330000 - 0x00007ff958357000 	C:\Windows\SYSTEM32\WINMM.dll
0x00007ff963880000 - 0x00007ff96388a000 	C:\Windows\SYSTEM32\VERSION.dll
0x00007ff95b9e0000 - 0x00007ff95b9ea000 	C:\Program Files\Java\jdk-17.0.2\bin\jimage.dll
0x00007ff965580000 - 0x00007ff965764000 	C:\Windows\SYSTEM32\DBGHELP.DLL
0x00007ff95c700000 - 0x00007ff95c734000 	C:\Windows\SYSTEM32\dbgcore.DLL
0x00007ff968a50000 - 0x00007ff968ad2000 	C:\Windows\System32\bcryptPrimitives.dll
0x00007ff944100000 - 0x00007ff94410e000 	C:\Program Files\Java\jdk-17.0.2\bin\instrument.dll
0x00007ff923380000 - 0x00007ff9233a5000 	C:\Program Files\Java\jdk-17.0.2\bin\java.dll
0x00007ff903970000 - 0x00007ff903a46000 	C:\Program Files\Java\jdk-17.0.2\bin\jsvml.dll
0x00007ff9693f0000 - 0x00007ff969b35000 	C:\Windows\System32\SHELL32.dll
0x00007ff965f80000 - 0x00007ff96671b000 	C:\Windows\SYSTEM32\windows.storage.dll
0x00007ff96a790000 - 0x00007ff96aae4000 	C:\Windows\System32\combase.dll
0x00007ff967b50000 - 0x00007ff967b7d000 	C:\Windows\SYSTEM32\Wldp.dll
0x00007ff969b60000 - 0x00007ff969c0d000 	C:\Windows\System32\SHCORE.dll
0x00007ff969050000 - 0x00007ff9690a5000 	C:\Windows\System32\shlwapi.dll
0x00007ff968130000 - 0x00007ff968155000 	C:\Windows\SYSTEM32\profapi.dll
0x00007ff95ba20000 - 0x00007ff95ba38000 	C:\Program Files\Java\jdk-17.0.2\bin\zip.dll
0x00007ff934cb0000 - 0x00007ff934cc9000 	C:\Program Files\Java\jdk-17.0.2\bin\net.dll
0x00007ff967190000 - 0x00007ff96729a000 	C:\Windows\SYSTEM32\WINHTTP.dll
0x00007ff967930000 - 0x00007ff96799a000 	C:\Windows\system32\mswsock.dll
0x00007ff933da0000 - 0x00007ff933db6000 	C:\Program Files\Java\jdk-17.0.2\bin\nio.dll
0x00007ff931c40000 - 0x00007ff931c5a000 	C:\Program Files\intelij\bin\breakgen64.dll
0x00007ff934dd0000 - 0x00007ff934de0000 	C:\Program Files\Java\jdk-17.0.2\bin\verify.dll
0x00007ff9675f0000 - 0x00007ff96762b000 	C:\Windows\SYSTEM32\IPHLPAPI.DLL
0x00007ff9693e0000 - 0x00007ff9693e8000 	C:\Windows\System32\NSI.dll
0x00007ff962180000 - 0x00007ff962197000 	C:\Windows\SYSTEM32\dhcpcsvc6.DLL
0x00007ff962040000 - 0x00007ff96205d000 	C:\Windows\SYSTEM32\dhcpcsvc.DLL
0x00007ff967640000 - 0x00007ff96770a000 	C:\Windows\SYSTEM32\DNSAPI.dll
0x00007ff9610e0000 - 0x00007ff9610ea000 	C:\Windows\System32\rasadhlp.dll
0x00007ff960580000 - 0x00007ff960600000 	C:\Windows\System32\fwpuclnt.dll
0x00007ff956fd0000 - 0x00007ff956fde000 	C:\Program Files\Java\jdk-17.0.2\bin\sunmscapi.dll
0x00007ff968810000 - 0x00007ff96896d000 	C:\Windows\System32\CRYPT32.dll
0x00007ff967ca0000 - 0x00007ff967cc8000 	C:\Windows\SYSTEM32\ncrypt.dll
0x00007ff967c60000 - 0x00007ff967c9b000 	C:\Windows\SYSTEM32\NTASN1.dll
0x00007ff967b90000 - 0x00007ff967ba8000 	C:\Windows\SYSTEM32\CRYPTSP.dll
0x00007ff967100000 - 0x00007ff967134000 	C:\Windows\system32\rsaenh.dll
0x00007ff9680b0000 - 0x00007ff9680de000 	C:\Windows\SYSTEM32\USERENV.dll
0x00007ff967ac0000 - 0x00007ff967acc000 	C:\Windows\SYSTEM32\CRYPTBASE.dll
0x00007ff95b810000 - 0x00007ff95b819000 	C:\Program Files\Java\jdk-17.0.2\bin\management.dll
0x00007ff956fe0000 - 0x00007ff956feb000 	C:\Program Files\Java\jdk-17.0.2\bin\management_ext.dll
0x00007ff93e2f0000 - 0x00007ff93e2f7000 	C:\Windows\system32\wshunix.dll

dbghelp: loaded successfully - version: 4.0.5 - missing functions: none
symbol engine: initialized successfully - sym options: 0x614 - pdb path: .;C:\Program Files\Java\jdk-17.0.2\bin;C:\Windows\SYSTEM32;C:\Windows\WinSxS\amd64_microsoft.windows.common-controls_6595b64144ccf1df_6.0.19041.3636_none_60b6a03d71f818d5;C:\Windows\system32\tmumh\20019\AddOn\8.55.0.1288;C:\Windows\system32\tmumh\20019\TmMon\2.9.0.1048;C:\Windows\System32\TmLWE\TmUmSnsr64\1.0.0.1125;C:\Program Files\Java\jdk-17.0.2\bin\server;C:\Program Files\intelij\bin

VM Arguments:
jvm_args: -javaagent:C:\Program Files\intelij\lib\idea_rt.jar=53612:C:\Program Files\intelij\bin -Dfile.encoding=UTF-8 
java_command: com.shop.configserver.OsConfigServerApplication
java_class_path (initial): C:\Users\adriant\IdeaProjects\Backend\os-config-server\target\classes;C:\Users\adriant\.m2\repository\org\springframework\boot\spring-boot-starter-actuator\3.2.0\spring-boot-starter-actuator-3.2.0.jar;C:\Users\adriant\.m2\repository\org\springframework\boot\spring-boot-starter\3.2.0\spring-boot-starter-3.2.0.jar;C:\Users\adriant\.m2\repository\org\springframework\boot\spring-boot\3.2.0\spring-boot-3.2.0.jar;C:\Users\adriant\.m2\repository\org\springframework\spring-context\6.1.1\spring-context-6.1.1.jar;C:\Users\adriant\.m2\repository\org\springframework\boot\spring-boot-autoconfigure\3.2.0\spring-boot-autoconfigure-3.2.0.jar;C:\Users\adriant\.m2\repository\org\springframework\boot\spring-boot-starter-logging\3.2.0\spring-boot-starter-logging-3.2.0.jar;C:\Users\adriant\.m2\repository\ch\qos\logback\logback-classic\1.4.11\logback-classic-1.4.11.jar;C:\Users\adriant\.m2\repository\ch\qos\logback\logback-core\1.4.11\logback-core-1.4.11.jar;C:\Users\adriant\.m2\repository\org\apache\logging\log4j\log4j-to-slf4j\2.21.1\log4j-to-slf4j-2.21.1.jar;C:\Users\adriant\.m2\repository\org\apache\logging\log4j\log4j-api\2.21.1\log4j-api-2.21.1.jar;C:\Users\adriant\.m2\repository\org\slf4j\jul-to-slf4j\2.0.9\jul-to-slf4j-2.0.9.jar;C:\Users\adriant\.m2\repository\jakarta\annotation\jakarta.annotation-api\2.1.1\jakarta.annotation-api-2.1.1.jar;C:\Users\adriant\.m2\repository\org\springframework\boot\spring-boot-actuator-autoconfigure\3.2.0\spring-boot-actuator-autoconfigure-3.2.0.jar;C:\Users\adriant\.m2\repository\org\springframework\boot\spring-boot-actuator\3.2.0\spring-boot-actuator-3.2.0.jar;C:\Users\adriant\.m2\repository\com\fasterxml\jackson\core\jackson-databind\2.15.3\jackson-databind-2.15.3.jar;C:\Users\adriant\.m2\repository\com\fasterxml\jackson\datatype\jackson-datatype-jsr310\2.15.3\jackson-datatype-jsr310-2.15.3.jar;C:\Users\adriant\.m2\repository\io\micrometer\micrometer-observation\1.12.0\micrometer-observation-1.12.0.jar;C:\Users\adrian
Launcher Type: SUN_STANDARD

[Global flags]
     intx CICompilerCount                          = 12                                        {product} {ergonomic}
     uint ConcGCThreads                            = 3                                         {product} {ergonomic}
     uint G1ConcRefinementThreads                  = 13                                        {product} {ergonomic}
   size_t G1HeapRegionSize                         = 2097152                                   {product} {ergonomic}
    uintx GCDrainStackTargetSize                   = 64                                        {product} {ergonomic}
   size_t InitialHeapSize                          = 264241152                                 {product} {ergonomic}
   size_t MarkStackSize                            = 4194304                                   {product} {ergonomic}
   size_t MaxHeapSize                              = 4217372672                                {product} {ergonomic}
   size_t MaxNewSize                               = 2529165312                                {product} {ergonomic}
   size_t MinHeapDeltaBytes                        = 2097152                                   {product} {ergonomic}
   size_t MinHeapSize                              = 8388608                                   {product} {ergonomic}
    uintx NonNMethodCodeHeapSize                   = 7602480                                {pd product} {ergonomic}
    uintx NonProfiledCodeHeapSize                  = 122027880                              {pd product} {ergonomic}
    uintx ProfiledCodeHeapSize                     = 122027880                              {pd product} {ergonomic}
    uintx ReservedCodeCacheSize                    = 251658240                              {pd product} {ergonomic}
     bool SegmentedCodeCache                       = true                                      {product} {ergonomic}
   size_t SoftMaxHeapSize                          = 4217372672                             {manageable} {ergonomic}
     bool UseCompressedClassPointers               = true                           {product lp64_product} {ergonomic}
     bool UseCompressedOops                        = true                           {product lp64_product} {ergonomic}
     bool UseG1GC                                  = true                                      {product} {ergonomic}
     bool UseLargePagesIndividualAllocation        = false                                  {pd product} {ergonomic}

Logging:
Log output configuration:
 #0: stdout all=warning uptime,level,tags
 #1: stderr all=off uptime,level,tags

Environment Variables:
JAVA_HOME=C:\Program Files\Java\jdk-17.0.2
PATH=C:\Python312\Scripts\;C:\Python312\;C:\Windows\system32;C:\Windows;C:\Windows\System32\Wbem;C:\Windows\System32\WindowsPowerShell\v1.0\;C:\Windows\System32\OpenSSH\;C:\Program Files\WindowsPowerShell\Scripts;C:\Program Files\Git\cmd;C:\Program Files\Microsoft SQL Server\150\Tools\Binn\;C:\Program Files\Microsoft SQL Server\Client SDK\ODBC\170\Tools\Binn\;C:\Program Files\dotnet\;C:\Program Files (x86)\Microsoft SQL Server\160\Tools\Binn\;C:\Program Files\Microsoft SQL Server\160\Tools\Binn\;C:\Program Files\Microsoft SQL Server\160\DTS\Binn\;C:\Program Files (x86)\Microsoft SQL Server\160\DTS\Binn\;C:\Program Files\Azure Data Studio\bin;C:\Program Files\apache-maven-3.9.5\bin;C:\Program Files\nodejs\;C:\ProgramData\chocolatey\bin;C:\Program Files\GitHub CLI\;C:\Program Files\Java\jdk-17.0.2\bin;;C:\Program Files\Docker\Docker\resources\bin;C:\Users\adriant\AppData\Local\Microsoft\WindowsApps;C:\Users\adriant\.dotnet\tools;C:\Program Files\Azure Data Studio\bin;C:\Users\adriant\AppData\Roaming\npm
USERNAME=adriant
OS=Windows_NT
PROCESSOR_IDENTIFIER=Intel64 Family 6 Model 154 Stepping 3, GenuineIntel



---------------  S Y S T E M  ---------------

OS:
 Windows 10 , 64 bit Build 19041 (10.0.19041.3636)
OS uptime: 1 days 18:04 hours
Hyper-V role detected

CPU: total 16 (initial active 16) (8 cores per cpu, 2 threads per core) family 6 model 154 stepping 3 microcode 0x430, cx8, cmov, fxsr, ht, mmx, 3dnowpref, sse, sse2, sse3, ssse3, sse4.1, sse4.2, popcnt, lzcnt, tsc, tscinvbit, avx, avx2, aes, erms, clmul, bmi1, bmi2, adx, sha, fma, vzeroupper, clflush, clflushopt, clwb, hv

Memory: 4k page, system-wide physical 16083M (439M free)
TotalPageFile size 41001M (AvailPageFile size 7M)
current process WorkingSet (physical memory assigned to process): 214M, peak: 281M
current process commit charge ("private bytes"): 312M, peak: 416M

vm_info: OpenJDK 64-Bit Server VM (17.0.2+8-86) for windows-amd64 JRE (17.0.2+8-86), built on Dec  7 2021 21:49:10 by "mach5one" with MS VC++ 16.8 / 16.9 (VS2019)

END.
